{"C:\\Users\\Yago\\WebstormProjects\\livespins-poc\\components\\Error.tsx": {"path":"C:\\Users\\Yago\\WebstormProjects\\livespins-poc\\components\\Error.tsx","statementMap":{"0":{"start":{"line":1,"column":24},"end":{"line":1,"column":30}}},"fnMap":{"0":{"name":"Error","decl":{"start":{"line":1,"column":24},"end":{"line":1,"column":30}},"loc":{"start":{"line":1,"column":55},"end":{"line":7,"column":null}}}},"branchMap":{},"s":{"0":4},"f":{"0":4},"b":{}}
,"C:\\Users\\Yago\\WebstormProjects\\livespins-poc\\components\\GameCard.tsx": {"path":"C:\\Users\\Yago\\WebstormProjects\\livespins-poc\\components\\GameCard.tsx","statementMap":{"0":{"start":{"line":16,"column":24},"end":{"line":16,"column":33}},"1":{"start":{"line":1,"column":18},"end":{"line":1,"column":null}},"2":{"start":{"line":3,"column":26},"end":{"line":3,"column":null}},"3":{"start":{"line":4,"column":31},"end":{"line":4,"column":null}},"4":{"start":{"line":5,"column":31},"end":{"line":5,"column":null}},"5":{"start":{"line":7,"column":25},"end":{"line":7,"column":null}},"6":{"start":{"line":8,"column":34},"end":{"line":8,"column":null}},"7":{"start":{"line":9,"column":45},"end":{"line":9,"column":null}},"8":{"start":{"line":17,"column":17},"end":{"line":17,"column":null}},"9":{"start":{"line":18,"column":19},"end":{"line":18,"column":null}},"10":{"start":{"line":19,"column":22},"end":{"line":19,"column":null}},"11":{"start":{"line":20,"column":49},"end":{"line":20,"column":null}},"12":{"start":{"line":22,"column":22},"end":{"line":36,"column":null}},"13":{"start":{"line":24,"column":4},"end":{"line":24,"column":null}},"14":{"start":{"line":27,"column":26},"end":{"line":29,"column":null}},"15":{"start":{"line":32,"column":4},"end":{"line":32,"column":null}},"16":{"start":{"line":35,"column":4},"end":{"line":35,"column":null}}},"fnMap":{"0":{"name":"GameCard","decl":{"start":{"line":16,"column":24},"end":{"line":16,"column":33}},"loc":{"start":{"line":16,"column":71},"end":{"line":70,"column":null}}},"1":{"name":"(anonymous_3)","decl":{"start":{"line":22,"column":22},"end":{"line":22,"column":null}},"loc":{"start":{"line":22,"column":22},"end":{"line":36,"column":null}}}},"branchMap":{},"s":{"0":23,"1":3,"2":3,"3":3,"4":3,"5":3,"6":3,"7":3,"8":23,"9":23,"10":23,"11":23,"12":23,"13":1,"14":1,"15":1,"16":1},"f":{"0":23,"1":1},"b":{}}
,"C:\\Users\\Yago\\WebstormProjects\\livespins-poc\\components\\GameList.tsx": {"path":"C:\\Users\\Yago\\WebstormProjects\\livespins-poc\\components\\GameList.tsx","statementMap":{"0":{"start":{"line":57,"column":0},"end":{"line":57,"column":15}},"1":{"start":{"line":2,"column":21},"end":{"line":2,"column":null}},"2":{"start":{"line":3,"column":32},"end":{"line":3,"column":null}},"3":{"start":{"line":16,"column":17},"end":{"line":54,"column":null}},"4":{"start":{"line":32,"column":10},"end":{"line":34,"column":null}},"5":{"start":{"line":33,"column":12},"end":{"line":34,"column":null}},"6":{"start":{"line":43,"column":25},"end":{"line":43,"column":null}},"7":{"start":{"line":57,"column":15},"end":{"line":57,"column":null}}},"fnMap":{"0":{"name":"(anonymous_2)","decl":{"start":{"line":17,"column":2},"end":{"line":17,"column":null}},"loc":{"start":{"line":27,"column":4},"end":{"line":54,"column":null}}},"1":{"name":"(anonymous_3)","decl":{"start":{"line":31,"column":30},"end":{"line":31,"column":31}},"loc":{"start":{"line":32,"column":10},"end":{"line":34,"column":null}}},"2":{"name":"(anonymous_4)","decl":{"start":{"line":32,"column":26},"end":{"line":32,"column":27}},"loc":{"start":{"line":33,"column":12},"end":{"line":34,"column":null}}},"3":{"name":"(anonymous_5)","decl":{"start":{"line":43,"column":19},"end":{"line":43,"column":25}},"loc":{"start":{"line":43,"column":25},"end":{"line":43,"column":null}}}},"branchMap":{"0":{"loc":{"start":{"line":44,"column":20},"end":{"line":44,"column":null}},"type":"binary-expr","locations":[{"start":{"line":44,"column":20},"end":{"line":44,"column":36}},{"start":{"line":44,"column":36},"end":{"line":44,"column":null}}]},"1":{"loc":{"start":{"line":46,"column":11},"end":{"line":50,"column":null}},"type":"cond-expr","locations":[{"start":{"line":47,"column":14},"end":{"line":47,"column":null}},{"start":{"line":48,"column":14},"end":{"line":50,"column":null}}]},"2":{"loc":{"start":{"line":48,"column":14},"end":{"line":50,"column":null}},"type":"cond-expr","locations":[{"start":{"line":49,"column":14},"end":{"line":49,"column":null}},{"start":{"line":50,"column":14},"end":{"line":50,"column":null}}]}},"s":{"0":14,"1":2,"2":2,"3":2,"4":9,"5":18,"6":1,"7":2},"f":{"0":13,"1":9,"2":18,"3":1},"b":{"0":[13,6],"1":[1,12],"2":[5,7]}}
,"C:\\Users\\Yago\\WebstormProjects\\livespins-poc\\components\\HeadContent.tsx": {"path":"C:\\Users\\Yago\\WebstormProjects\\livespins-poc\\components\\HeadContent.tsx","statementMap":{"0":{"start":{"line":3,"column":24},"end":{"line":3,"column":null}},"1":{"start":{"line":1,"column":17},"end":{"line":1,"column":null}}},"fnMap":{"0":{"name":"HeadContent","decl":{"start":{"line":3,"column":24},"end":{"line":3,"column":null}},"loc":{"start":{"line":3,"column":24},"end":{"line":11,"column":null}}}},"branchMap":{},"s":{"0":10,"1":2},"f":{"0":9},"b":{}}
,"C:\\Users\\Yago\\WebstormProjects\\livespins-poc\\components\\InputSearch.tsx": {"path":"C:\\Users\\Yago\\WebstormProjects\\livespins-poc\\components\\InputSearch.tsx","statementMap":{"0":{"start":{"line":93,"column":0},"end":{"line":93,"column":15}},"1":{"start":{"line":1,"column":69},"end":{"line":1,"column":null}},"2":{"start":{"line":2,"column":26},"end":{"line":2,"column":null}},"3":{"start":{"line":3,"column":23},"end":{"line":3,"column":null}},"4":{"start":{"line":4,"column":22},"end":{"line":4,"column":null}},"5":{"start":{"line":13,"column":20},"end":{"line":90,"column":null}},"6":{"start":{"line":23,"column":19},"end":{"line":23,"column":null}},"7":{"start":{"line":25,"column":24},"end":{"line":29,"column":null}},"8":{"start":{"line":26,"column":6},"end":{"line":26,"column":null}},"9":{"start":{"line":27,"column":6},"end":{"line":27,"column":null}},"10":{"start":{"line":28,"column":6},"end":{"line":28,"column":null}},"11":{"start":{"line":31,"column":21},"end":{"line":39,"column":null}},"12":{"start":{"line":32,"column":6},"end":{"line":32,"column":null}},"13":{"start":{"line":33,"column":38},"end":{"line":33,"column":null}},"14":{"start":{"line":34,"column":6},"end":{"line":34,"column":null}},"15":{"start":{"line":35,"column":6},"end":{"line":37,"column":null}},"16":{"start":{"line":38,"column":6},"end":{"line":38,"column":null}},"17":{"start":{"line":41,"column":32},"end":{"line":44,"column":null}},"18":{"start":{"line":42,"column":38},"end":{"line":42,"column":46}},"19":{"start":{"line":43,"column":6},"end":{"line":43,"column":null}},"20":{"start":{"line":43,"column":32},"end":{"line":43,"column":null}},"21":{"start":{"line":46,"column":29},"end":{"line":49,"column":null}},"22":{"start":{"line":47,"column":6},"end":{"line":47,"column":null}},"23":{"start":{"line":48,"column":6},"end":{"line":48,"column":null}},"24":{"start":{"line":54,"column":25},"end":{"line":54,"column":null}},"25":{"start":{"line":93,"column":15},"end":{"line":93,"column":null}}},"fnMap":{"0":{"name":"(anonymous_5)","decl":{"start":{"line":14,"column":2},"end":{"line":14,"column":null}},"loc":{"start":{"line":21,"column":4},"end":{"line":90,"column":null}}},"1":{"name":"(anonymous_6)","decl":{"start":{"line":25,"column":24},"end":{"line":25,"column":null}},"loc":{"start":{"line":25,"column":24},"end":{"line":29,"column":null}}},"2":{"name":"(anonymous_7)","decl":{"start":{"line":31,"column":21},"end":{"line":31,"column":22}},"loc":{"start":{"line":31,"column":22},"end":{"line":39,"column":null}}},"3":{"name":"(anonymous_8)","decl":{"start":{"line":41,"column":32},"end":{"line":41,"column":33}},"loc":{"start":{"line":41,"column":33},"end":{"line":44,"column":null}}},"4":{"name":"(anonymous_9)","decl":{"start":{"line":46,"column":29},"end":{"line":46,"column":null}},"loc":{"start":{"line":46,"column":29},"end":{"line":49,"column":null}}},"5":{"name":"(anonymous_10)","decl":{"start":{"line":54,"column":18},"end":{"line":54,"column":19}},"loc":{"start":{"line":54,"column":25},"end":{"line":54,"column":null}}}},"branchMap":{"0":{"loc":{"start":{"line":43,"column":6},"end":{"line":43,"column":null}},"type":"if","locations":[{"start":{"line":43,"column":6},"end":{"line":43,"column":null}}]},"1":{"loc":{"start":{"line":75,"column":13},"end":{"line":75,"column":null}},"type":"binary-expr","locations":[{"start":{"line":75,"column":13},"end":{"line":75,"column":null}}]}},"s":{"0":12,"1":2,"2":2,"3":2,"4":2,"5":2,"6":11,"7":11,"8":2,"9":2,"10":2,"11":11,"12":1,"13":1,"14":1,"15":1,"16":1,"17":11,"18":4,"19":4,"20":1,"21":11,"22":1,"23":1,"24":1,"25":2},"f":{"0":11,"1":2,"2":1,"3":4,"4":1,"5":1},"b":{"0":[1],"1":[11]}}
,"C:\\Users\\Yago\\WebstormProjects\\livespins-poc\\components\\Loader.tsx": {"path":"C:\\Users\\Yago\\WebstormProjects\\livespins-poc\\components\\Loader.tsx","statementMap":{"0":{"start":{"line":1,"column":24},"end":{"line":1,"column":null}}},"fnMap":{"0":{"name":"Loader","decl":{"start":{"line":1,"column":24},"end":{"line":1,"column":null}},"loc":{"start":{"line":1,"column":24},"end":{"line":9,"column":null}}}},"branchMap":{},"s":{"0":4},"f":{"0":4},"b":{}}
,"C:\\Users\\Yago\\WebstormProjects\\livespins-poc\\components\\Logo.tsx": {"path":"C:\\Users\\Yago\\WebstormProjects\\livespins-poc\\components\\Logo.tsx","statementMap":{"0":{"start":{"line":3,"column":24},"end":{"line":3,"column":29}},"1":{"start":{"line":1,"column":18},"end":{"line":1,"column":null}}},"fnMap":{"0":{"name":"Logo","decl":{"start":{"line":3,"column":24},"end":{"line":3,"column":29}},"loc":{"start":{"line":3,"column":61},"end":{"line":13,"column":null}}}},"branchMap":{},"s":{"0":11,"1":2},"f":{"0":10},"b":{}}
,"C:\\Users\\Yago\\WebstormProjects\\livespins-poc\\components\\icons\\ClearIcon.tsx": {"path":"C:\\Users\\Yago\\WebstormProjects\\livespins-poc\\components\\icons\\ClearIcon.tsx","statementMap":{"0":{"start":{"line":14,"column":0},"end":{"line":14,"column":15}},"1":{"start":{"line":14,"column":15},"end":{"line":14,"column":null}}},"fnMap":{},"branchMap":{},"s":{"0":2,"1":2},"f":{},"b":{}}
,"C:\\Users\\Yago\\WebstormProjects\\livespins-poc\\components\\icons\\LeftArrowIcon.tsx": {"path":"C:\\Users\\Yago\\WebstormProjects\\livespins-poc\\components\\icons\\LeftArrowIcon.tsx","statementMap":{"0":{"start":{"line":14,"column":0},"end":{"line":14,"column":15}},"1":{"start":{"line":14,"column":15},"end":{"line":14,"column":null}}},"fnMap":{},"branchMap":{},"s":{"0":10,"1":1},"f":{},"b":{}}
,"C:\\Users\\Yago\\WebstormProjects\\livespins-poc\\components\\icons\\SearchIcon.tsx": {"path":"C:\\Users\\Yago\\WebstormProjects\\livespins-poc\\components\\icons\\SearchIcon.tsx","statementMap":{"0":{"start":{"line":19,"column":0},"end":{"line":19,"column":15}},"1":{"start":{"line":19,"column":15},"end":{"line":19,"column":null}}},"fnMap":{},"branchMap":{},"s":{"0":11,"1":2},"f":{},"b":{}}
,"C:\\Users\\Yago\\WebstormProjects\\livespins-poc\\pages\\index.tsx": {"path":"C:\\Users\\Yago\\WebstormProjects\\livespins-poc\\pages\\index.tsx","statementMap":{"0":{"start":{"line":136,"column":0},"end":{"line":136,"column":15}},"1":{"start":{"line":138,"column":13},"end":{"line":138,"column":31}},"2":{"start":{"line":2,"column":32},"end":{"line":2,"column":null}},"3":{"start":{"line":3,"column":30},"end":{"line":3,"column":null}},"4":{"start":{"line":4,"column":51},"end":{"line":4,"column":null}},"5":{"start":{"line":5,"column":18},"end":{"line":5,"column":null}},"6":{"start":{"line":6,"column":19},"end":{"line":6,"column":null}},"7":{"start":{"line":7,"column":42},"end":{"line":7,"column":null}},"8":{"start":{"line":8,"column":28},"end":{"line":8,"column":null}},"9":{"start":{"line":9,"column":21},"end":{"line":9,"column":null}},"10":{"start":{"line":10,"column":24},"end":{"line":10,"column":null}},"11":{"start":{"line":11,"column":34},"end":{"line":11,"column":null}},"12":{"start":{"line":14,"column":24},"end":{"line":14,"column":null}},"13":{"start":{"line":15,"column":17},"end":{"line":15,"column":null}},"14":{"start":{"line":16,"column":24},"end":{"line":16,"column":null}},"15":{"start":{"line":22,"column":5},"end":{"line":134,"column":null}},"16":{"start":{"line":23,"column":19},"end":{"line":23,"column":null}},"17":{"start":{"line":24,"column":25},"end":{"line":24,"column":null}},"18":{"start":{"line":25,"column":22},"end":{"line":25,"column":null}},"19":{"start":{"line":26,"column":23},"end":{"line":26,"column":null}},"20":{"start":{"line":26,"column":57},"end":{"line":26,"column":67}},"21":{"start":{"line":27,"column":24},"end":{"line":27,"column":null}},"22":{"start":{"line":27,"column":58},"end":{"line":27,"column":77}},"23":{"start":{"line":28,"column":50},"end":{"line":28,"column":null}},"24":{"start":{"line":29,"column":33},"end":{"line":29,"column":null}},"25":{"start":{"line":30,"column":19},"end":{"line":30,"column":null}},"26":{"start":{"line":31,"column":46},"end":{"line":31,"column":null}},"27":{"start":{"line":33,"column":25},"end":{"line":34,"column":null}},"28":{"start":{"line":34,"column":4},"end":{"line":34,"column":null}},"29":{"start":{"line":36,"column":29},"end":{"line":41,"column":null}},"30":{"start":{"line":37,"column":28},"end":{"line":38,"column":null}},"31":{"start":{"line":40,"column":4},"end":{"line":40,"column":null}},"32":{"start":{"line":43,"column":29},"end":{"line":46,"column":null}},"33":{"start":{"line":44,"column":4},"end":{"line":44,"column":null}},"34":{"start":{"line":45,"column":4},"end":{"line":45,"column":null}},"35":{"start":{"line":56,"column":6},"end":{"line":56,"column":null}},"36":{"start":{"line":58,"column":2},"end":{"line":63,"column":null}},"37":{"start":{"line":59,"column":4},"end":{"line":62,"column":null}},"38":{"start":{"line":60,"column":6},"end":{"line":60,"column":null}},"39":{"start":{"line":61,"column":6},"end":{"line":61,"column":null}},"40":{"start":{"line":65,"column":2},"end":{"line":67,"column":null}},"41":{"start":{"line":66,"column":4},"end":{"line":66,"column":null}},"42":{"start":{"line":69,"column":2},"end":{"line":85,"column":null}},"43":{"start":{"line":70,"column":4},"end":{"line":70,"column":null}},"44":{"start":{"line":71,"column":4},"end":{"line":71,"column":null}},"45":{"start":{"line":71,"column":22},"end":{"line":71,"column":null}},"46":{"start":{"line":72,"column":21},"end":{"line":77,"column":null}},"47":{"start":{"line":74,"column":8},"end":{"line":74,"column":null}},"48":{"start":{"line":74,"column":35},"end":{"line":74,"column":null}},"49":{"start":{"line":79,"column":31},"end":{"line":79,"column":53}},"50":{"start":{"line":80,"column":4},"end":{"line":80,"column":null}},"51":{"start":{"line":80,"column":29},"end":{"line":80,"column":null}},"52":{"start":{"line":81,"column":4},"end":{"line":81,"column":null}},"53":{"start":{"line":82,"column":4},"end":{"line":84,"column":null}},"54":{"start":{"line":83,"column":6},"end":{"line":83,"column":null}},"55":{"start":{"line":87,"column":2},"end":{"line":89,"column":null}},"56":{"start":{"line":88,"column":4},"end":{"line":88,"column":null}},"57":{"start":{"line":136,"column":15},"end":{"line":136,"column":20}},"58":{"start":{"line":138,"column":54},"end":{"line":145,"column":null}},"59":{"start":{"line":141,"column":21},"end":{"line":141,"column":null}},"60":{"start":{"line":142,"column":2},"end":{"line":144,"column":null}}},"fnMap":{"0":{"name":"(anonymous_7)","decl":{"start":{"line":22,"column":5},"end":{"line":22,"column":6}},"loc":{"start":{"line":22,"column":57},"end":{"line":134,"column":null}}},"1":{"name":"(anonymous_8)","decl":{"start":{"line":26,"column":35},"end":{"line":26,"column":36}},"loc":{"start":{"line":26,"column":57},"end":{"line":26,"column":67}}},"2":{"name":"(anonymous_9)","decl":{"start":{"line":27,"column":36},"end":{"line":27,"column":37}},"loc":{"start":{"line":27,"column":58},"end":{"line":27,"column":77}}},"3":{"name":"(anonymous_10)","decl":{"start":{"line":33,"column":25},"end":{"line":33,"column":null}},"loc":{"start":{"line":34,"column":4},"end":{"line":34,"column":null}}},"4":{"name":"(anonymous_11)","decl":{"start":{"line":36,"column":29},"end":{"line":36,"column":30}},"loc":{"start":{"line":36,"column":30},"end":{"line":41,"column":null}}},"5":{"name":"(anonymous_12)","decl":{"start":{"line":43,"column":29},"end":{"line":43,"column":null}},"loc":{"start":{"line":43,"column":29},"end":{"line":46,"column":null}}},"6":{"name":"(anonymous_13)","decl":{"start":{"line":58,"column":12},"end":{"line":58,"column":null}},"loc":{"start":{"line":58,"column":12},"end":{"line":63,"column":5}}},"7":{"name":"(anonymous_14)","decl":{"start":{"line":65,"column":12},"end":{"line":65,"column":null}},"loc":{"start":{"line":65,"column":12},"end":{"line":67,"column":5}}},"8":{"name":"(anonymous_15)","decl":{"start":{"line":69,"column":12},"end":{"line":69,"column":null}},"loc":{"start":{"line":69,"column":12},"end":{"line":85,"column":5}}},"9":{"name":"(anonymous_16)","decl":{"start":{"line":73,"column":6},"end":{"line":73,"column":7}},"loc":{"start":{"line":74,"column":8},"end":{"line":74,"column":null}}},"10":{"name":"(anonymous_17)","decl":{"start":{"line":74,"column":24},"end":{"line":74,"column":25}},"loc":{"start":{"line":74,"column":35},"end":{"line":74,"column":null}}},"11":{"name":"(anonymous_18)","decl":{"start":{"line":82,"column":11},"end":{"line":82,"column":null}},"loc":{"start":{"line":82,"column":11},"end":{"line":84,"column":null}}},"12":{"name":"(anonymous_19)","decl":{"start":{"line":87,"column":50},"end":{"line":87,"column":null}},"loc":{"start":{"line":87,"column":50},"end":{"line":89,"column":null}}},"13":{"name":"(anonymous_20)","decl":{"start":{"line":138,"column":54},"end":{"line":138,"column":61}},"loc":{"start":{"line":138,"column":70},"end":{"line":145,"column":null}}}},"branchMap":{"0":{"loc":{"start":{"line":22,"column":16},"end":{"line":22,"column":55}},"type":"default-arg","locations":[{"start":{"line":22,"column":34},"end":{"line":22,"column":55}}]},"1":{"loc":{"start":{"line":34,"column":4},"end":{"line":34,"column":null}},"type":"cond-expr","locations":[{"start":{"line":34,"column":39},"end":{"line":34,"column":55}},{"start":{"line":34,"column":55},"end":{"line":34,"column":null}}]},"2":{"loc":{"start":{"line":59,"column":4},"end":{"line":62,"column":null}},"type":"if","locations":[{"start":{"line":59,"column":4},"end":{"line":62,"column":null}}]},"3":{"loc":{"start":{"line":71,"column":4},"end":{"line":71,"column":null}},"type":"if","locations":[{"start":{"line":71,"column":4},"end":{"line":71,"column":null}}]},"4":{"loc":{"start":{"line":74,"column":35},"end":{"line":74,"column":null}},"type":"binary-expr","locations":[{"start":{"line":74,"column":35},"end":{"line":74,"column":55}},{"start":{"line":74,"column":59},"end":{"line":74,"column":null}}]},"5":{"loc":{"start":{"line":80,"column":4},"end":{"line":80,"column":null}},"type":"if","locations":[{"start":{"line":80,"column":4},"end":{"line":80,"column":null}}]},"6":{"loc":{"start":{"line":88,"column":22},"end":{"line":88,"column":null}},"type":"binary-expr","locations":[{"start":{"line":88,"column":22},"end":{"line":88,"column":56}},{"start":{"line":88,"column":56},"end":{"line":88,"column":null}}]},"7":{"loc":{"start":{"line":106,"column":9},"end":{"line":106,"column":20}},"type":"binary-expr","locations":[{"start":{"line":106,"column":9},"end":{"line":106,"column":20}}]},"8":{"loc":{"start":{"line":108,"column":9},"end":{"line":108,"column":null}},"type":"binary-expr","locations":[{"start":{"line":108,"column":9},"end":{"line":108,"column":23}},{"start":{"line":108,"column":23},"end":{"line":108,"column":null}}]},"9":{"loc":{"start":{"line":123,"column":7},"end":{"line":123,"column":null}},"type":"binary-expr","locations":[{"start":{"line":123,"column":7},"end":{"line":123,"column":null}}]},"10":{"loc":{"start":{"line":143,"column":21},"end":{"line":143,"column":43}},"type":"cond-expr","locations":[{"start":{"line":143,"column":31},"end":{"line":143,"column":36}},{"start":{"line":143,"column":36},"end":{"line":143,"column":43}}]}},"s":{"0":4,"1":2,"2":1,"3":1,"4":1,"5":1,"6":1,"7":1,"8":1,"9":1,"10":1,"11":1,"12":1,"13":1,"14":1,"15":1,"16":7,"17":7,"18":7,"19":7,"20":8,"21":7,"22":8,"23":7,"24":7,"25":7,"26":7,"27":7,"28":7,"29":7,"30":5,"31":5,"32":7,"33":0,"34":0,"35":7,"36":7,"37":4,"38":4,"39":4,"40":7,"41":5,"42":7,"43":5,"44":5,"45":5,"46":0,"47":0,"48":0,"49":0,"50":0,"51":0,"52":0,"53":0,"54":0,"55":7,"56":0,"57":1,"58":1,"59":2,"60":2},"f":{"0":7,"1":8,"2":8,"3":7,"4":5,"5":0,"6":4,"7":5,"8":5,"9":0,"10":0,"11":0,"12":0,"13":2},"b":{"0":[0],"1":[4,3],"2":[4],"3":[5],"4":[0,0],"5":[0],"6":[0,0],"7":[7],"8":[7,4],"9":[7],"10":[1,1]}}
,"C:\\Users\\Yago\\WebstormProjects\\livespins-poc\\pages\\[gameId]\\index.tsx": {"path":"C:\\Users\\Yago\\WebstormProjects\\livespins-poc\\pages\\[gameId]\\index.tsx","statementMap":{"0":{"start":{"line":137,"column":0},"end":{"line":137,"column":15}},"1":{"start":{"line":2,"column":28},"end":{"line":2,"column":null}},"2":{"start":{"line":3,"column":26},"end":{"line":3,"column":null}},"3":{"start":{"line":4,"column":17},"end":{"line":4,"column":null}},"4":{"start":{"line":5,"column":18},"end":{"line":5,"column":null}},"5":{"start":{"line":6,"column":26},"end":{"line":6,"column":null}},"6":{"start":{"line":8,"column":19},"end":{"line":135,"column":null}},"7":{"start":{"line":9,"column":17},"end":{"line":9,"column":null}},"8":{"start":{"line":10,"column":19},"end":{"line":10,"column":null}},"9":{"start":{"line":10,"column":25},"end":{"line":10,"column":null}},"10":{"start":{"line":11,"column":35},"end":{"line":11,"column":null}},"11":{"start":{"line":11,"column":69},"end":{"line":11,"column":79}},"12":{"start":{"line":137,"column":15},"end":{"line":137,"column":null}}},"fnMap":{"0":{"name":"(anonymous_2)","decl":{"start":{"line":8,"column":19},"end":{"line":8,"column":null}},"loc":{"start":{"line":8,"column":19},"end":{"line":135,"column":null}}},"1":{"name":"(anonymous_3)","decl":{"start":{"line":10,"column":19},"end":{"line":10,"column":25}},"loc":{"start":{"line":10,"column":25},"end":{"line":10,"column":null}}},"2":{"name":"(anonymous_4)","decl":{"start":{"line":11,"column":47},"end":{"line":11,"column":48}},"loc":{"start":{"line":11,"column":69},"end":{"line":11,"column":79}}}},"branchMap":{"0":{"loc":{"start":{"line":45,"column":19},"end":{"line":45,"column":null}},"type":"binary-expr","locations":[{"start":{"line":45,"column":19},"end":{"line":45,"column":27}},{"start":{"line":45,"column":27},"end":{"line":45,"column":null}}]}},"s":{"0":5,"1":1,"2":1,"3":1,"4":1,"5":1,"6":1,"7":5,"8":5,"9":1,"10":5,"11":5,"12":1},"f":{"0":5,"1":1,"2":5},"b":{"0":[5,1]}}
,"C:\\Users\\Yago\\WebstormProjects\\livespins-poc\\pages\\api\\lib\\repositories\\games.repository.mock.ts": {"path":"C:\\Users\\Yago\\WebstormProjects\\livespins-poc\\pages\\api\\lib\\repositories\\games.repository.mock.ts","statementMap":{"0":{"start":{"line":7,"column":13},"end":{"line":7,"column":null}},"1":{"start":{"line":4,"column":26},"end":{"line":4,"column":null}},"2":{"start":{"line":12,"column":4},"end":{"line":18,"column":null}},"3":{"start":{"line":22,"column":4},"end":{"line":65,"column":null}},"4":{"start":{"line":8,"column":11},"end":{"line":8,"column":null}},"5":{"start":{"line":9,"column":11},"end":{"line":9,"column":null}}},"fnMap":{"0":{"name":"(anonymous_2)","decl":{"start":{"line":11,"column":2},"end":{"line":11,"column":10}},"loc":{"start":{"line":11,"column":50},"end":{"line":19,"column":null}}},"1":{"name":"(anonymous_3)","decl":{"start":{"line":21,"column":2},"end":{"line":21,"column":25}},"loc":{"start":{"line":21,"column":25},"end":{"line":66,"column":null}}}},"branchMap":{},"s":{"0":8,"1":2,"2":1,"3":6,"4":2,"5":2},"f":{"0":1,"1":6},"b":{}}
,"C:\\Users\\Yago\\WebstormProjects\\livespins-poc\\pages\\api\\lib\\utils\\misc.ts": {"path":"C:\\Users\\Yago\\WebstormProjects\\livespins-poc\\pages\\api\\lib\\utils\\misc.ts","statementMap":{"0":{"start":{"line":1,"column":24},"end":{"line":1,"column":37}},"1":{"start":{"line":5,"column":13},"end":{"line":5,"column":26}},"2":{"start":{"line":19,"column":13},"end":{"line":19,"column":26}},"3":{"start":{"line":2,"column":2},"end":{"line":2,"column":null}},"4":{"start":{"line":5,"column":29},"end":{"line":17,"column":null}},"5":{"start":{"line":6,"column":20},"end":{"line":6,"column":null}},"6":{"start":{"line":7,"column":23},"end":{"line":7,"column":null}},"7":{"start":{"line":8,"column":2},"end":{"line":15,"column":null}},"8":{"start":{"line":9,"column":22},"end":{"line":9,"column":37}},"9":{"start":{"line":10,"column":21},"end":{"line":10,"column":null}},"10":{"start":{"line":12,"column":4},"end":{"line":14,"column":null}},"11":{"start":{"line":16,"column":2},"end":{"line":16,"column":null}},"12":{"start":{"line":19,"column":29},"end":{"line":27,"column":null}},"13":{"start":{"line":20,"column":12},"end":{"line":20,"column":null}},"14":{"start":{"line":21,"column":29},"end":{"line":21,"column":null}},"15":{"start":{"line":22,"column":2},"end":{"line":25,"column":null}},"16":{"start":{"line":23,"column":4},"end":{"line":23,"column":null}},"17":{"start":{"line":24,"column":4},"end":{"line":24,"column":null}},"18":{"start":{"line":26,"column":2},"end":{"line":26,"column":null}}},"fnMap":{"0":{"name":"isOnlySpaces","decl":{"start":{"line":1,"column":24},"end":{"line":1,"column":37}},"loc":{"start":{"line":1,"column":48},"end":{"line":3,"column":1}}},"1":{"name":"(anonymous_5)","decl":{"start":{"line":5,"column":29},"end":{"line":5,"column":30}},"loc":{"start":{"line":5,"column":30},"end":{"line":17,"column":null}}},"2":{"name":"(anonymous_6)","decl":{"start":{"line":19,"column":29},"end":{"line":19,"column":30}},"loc":{"start":{"line":19,"column":30},"end":{"line":27,"column":null}}},"3":{"name":"(anonymous_7)","decl":{"start":{"line":22,"column":29},"end":{"line":22,"column":30}},"loc":{"start":{"line":22,"column":30},"end":{"line":25,"column":null}}}},"branchMap":{"0":{"loc":{"start":{"line":8,"column":2},"end":{"line":15,"column":null}},"type":"if","locations":[{"start":{"line":8,"column":2},"end":{"line":15,"column":null}}]}},"s":{"0":9,"1":26,"2":23,"3":9,"4":4,"5":26,"6":26,"7":26,"8":19,"9":19,"10":19,"11":7,"12":4,"13":23,"14":23,"15":23,"16":31,"17":31,"18":23},"f":{"0":9,"1":26,"2":23,"3":31},"b":{"0":[19]}}
,"C:\\Users\\Yago\\WebstormProjects\\livespins-poc\\redux\\gameSlice.ts": {"path":"C:\\Users\\Yago\\WebstormProjects\\livespins-poc\\redux\\gameSlice.ts","statementMap":{"0":{"start":{"line":44,"column":0},"end":{"line":44,"column":15}},"1":{"start":{"line":13,"column":13},"end":{"line":13,"column":22}},"2":{"start":{"line":40,"column":25},"end":{"line":40,"column":35}},"3":{"start":{"line":40,"column":15},"end":{"line":40,"column":23}},"4":{"start":{"line":1,"column":28},"end":{"line":1,"column":null}},"5":{"start":{"line":5,"column":28},"end":{"line":11,"column":null}},"6":{"start":{"line":13,"column":25},"end":{"line":37,"column":null}},"7":{"start":{"line":22,"column":53},"end":{"line":22,"column":67}},"8":{"start":{"line":23,"column":6},"end":{"line":23,"column":null}},"9":{"start":{"line":24,"column":6},"end":{"line":24,"column":null}},"10":{"start":{"line":25,"column":6},"end":{"line":25,"column":null}},"11":{"start":{"line":26,"column":6},"end":{"line":26,"column":null}},"12":{"start":{"line":27,"column":6},"end":{"line":27,"column":null}},"13":{"start":{"line":30,"column":6},"end":{"line":30,"column":null}},"14":{"start":{"line":31,"column":6},"end":{"line":31,"column":null}},"15":{"start":{"line":32,"column":6},"end":{"line":32,"column":null}},"16":{"start":{"line":33,"column":6},"end":{"line":33,"column":null}},"17":{"start":{"line":34,"column":6},"end":{"line":34,"column":null}},"18":{"start":{"line":40,"column":40},"end":{"line":40,"column":57}},"19":{"start":{"line":43,"column":21},"end":{"line":43,"column":38}},"20":{"start":{"line":44,"column":15},"end":{"line":44,"column":27}}},"fnMap":{"0":{"name":"(anonymous_5)","decl":{"start":{"line":21,"column":14},"end":{"line":21,"column":15}},"loc":{"start":{"line":21,"column":21},"end":{"line":28,"column":null}}},"1":{"name":"(anonymous_6)","decl":{"start":{"line":29,"column":16},"end":{"line":29,"column":17}},"loc":{"start":{"line":29,"column":17},"end":{"line":35,"column":null}}}},"branchMap":{},"s":{"0":9,"1":0,"2":1,"3":5,"4":4,"5":4,"6":4,"7":3,"8":3,"9":3,"10":3,"11":3,"12":3,"13":1,"14":1,"15":1,"16":1,"17":1,"18":4,"19":4,"20":4},"f":{"0":3,"1":1},"b":{}}
,"C:\\Users\\Yago\\WebstormProjects\\livespins-poc\\redux\\scrolledGamesSlice.ts": {"path":"C:\\Users\\Yago\\WebstormProjects\\livespins-poc\\redux\\scrolledGamesSlice.ts","statementMap":{"0":{"start":{"line":25,"column":0},"end":{"line":25,"column":15}},"1":{"start":{"line":22,"column":15},"end":{"line":22,"column":32}},"2":{"start":{"line":8,"column":13},"end":{"line":8,"column":31}},"3":{"start":{"line":1,"column":28},"end":{"line":1,"column":null}},"4":{"start":{"line":6,"column":26},"end":{"line":6,"column":null}},"5":{"start":{"line":8,"column":34},"end":{"line":20,"column":null}},"6":{"start":{"line":16,"column":6},"end":{"line":16,"column":null}},"7":{"start":{"line":17,"column":6},"end":{"line":17,"column":null}},"8":{"start":{"line":22,"column":37},"end":{"line":22,"column":63}},"9":{"start":{"line":24,"column":29},"end":{"line":24,"column":55}},"10":{"start":{"line":25,"column":15},"end":{"line":25,"column":35}}},"fnMap":{"0":{"name":"(anonymous_4)","decl":{"start":{"line":12,"column":23},"end":{"line":12,"column":null}},"loc":{"start":{"line":14,"column":6},"end":{"line":18,"column":null}}}},"branchMap":{},"s":{"0":4,"1":7,"2":0,"3":3,"4":3,"5":3,"6":5,"7":5,"8":3,"9":3,"10":3},"f":{"0":5},"b":{}}
,"C:\\Users\\Yago\\WebstormProjects\\livespins-poc\\redux\\store.ts": {"path":"C:\\Users\\Yago\\WebstormProjects\\livespins-poc\\redux\\store.ts","statementMap":{"0":{"start":{"line":6,"column":13},"end":{"line":6,"column":18}},"1":{"start":{"line":20,"column":13},"end":{"line":20,"column":27}},"2":{"start":{"line":1,"column":31},"end":{"line":1,"column":null}},"3":{"start":{"line":2,"column":25},"end":{"line":2,"column":null}},"4":{"start":{"line":3,"column":33},"end":{"line":3,"column":null}},"5":{"start":{"line":4,"column":28},"end":{"line":4,"column":null}},"6":{"start":{"line":6,"column":21},"end":{"line":11,"column":null}},"7":{"start":{"line":20,"column":49},"end":{"line":20,"column":60}}},"fnMap":{},"branchMap":{},"s":{"0":0,"1":25,"2":2,"3":2,"4":2,"5":2,"6":2,"7":2},"f":{},"b":{}}
}
