TN:
SF:components\Error.tsx
FN:1,Error
FNF:1
FNH:1
FNDA:4,Error
DA:1,4
LF:1
LH:1
BRF:0
BRH:0
end_of_record
TN:
SF:components\GameCard.tsx
FN:16,GameCard
FN:22,(anonymous_3)
FNF:2
FNH:2
FNDA:15,GameCard
FNDA:1,(anonymous_3)
DA:1,3
DA:3,3
DA:4,3
DA:5,3
DA:7,3
DA:8,3
DA:9,3
DA:16,15
DA:17,15
DA:18,15
DA:19,15
DA:20,15
DA:22,15
DA:24,1
DA:27,1
DA:32,1
DA:35,1
LF:17
LH:17
BRF:0
BRH:0
end_of_record
TN:
SF:components\GameList.tsx
FN:17,(anonymous_2)
FN:31,(anonymous_3)
FN:32,(anonymous_4)
FN:43,(anonymous_5)
FNF:4
FNH:4
FNDA:10,(anonymous_2)
FNDA:5,(anonymous_3)
FNDA:10,(anonymous_4)
FNDA:1,(anonymous_5)
DA:2,2
DA:3,2
DA:16,2
DA:32,5
DA:33,10
DA:43,1
DA:57,10
LF:7
LH:7
BRDA:44,0,0,10
BRDA:44,0,1,6
BRDA:46,1,0,1
BRDA:46,1,1,9
BRDA:48,2,0,5
BRDA:48,2,1,4
BRF:6
BRH:6
end_of_record
TN:
SF:components\HeadContent.tsx
FN:3,HeadContent
FNF:1
FNH:1
FNDA:6,HeadContent
DA:1,2
DA:3,6
LF:2
LH:2
BRF:0
BRH:0
end_of_record
TN:
SF:components\InputSearch.tsx
FN:14,(anonymous_5)
FN:25,(anonymous_6)
FN:31,(anonymous_7)
FN:41,(anonymous_8)
FN:46,(anonymous_9)
FN:54,(anonymous_10)
FNF:6
FNH:6
FNDA:8,(anonymous_5)
FNDA:2,(anonymous_6)
FNDA:1,(anonymous_7)
FNDA:4,(anonymous_8)
FNDA:1,(anonymous_9)
FNDA:1,(anonymous_10)
DA:1,2
DA:2,2
DA:3,2
DA:4,2
DA:13,2
DA:23,8
DA:25,8
DA:26,2
DA:27,2
DA:28,2
DA:31,8
DA:32,1
DA:33,1
DA:34,1
DA:35,1
DA:38,1
DA:41,8
DA:42,4
DA:43,4
DA:46,8
DA:47,1
DA:48,1
DA:54,1
DA:93,8
LF:24
LH:24
BRDA:43,0,0,1
BRDA:75,1,0,8
BRF:2
BRH:2
end_of_record
TN:
SF:components\Loader.tsx
FN:1,Loader
FNF:1
FNH:1
FNDA:3,Loader
DA:1,3
LF:1
LH:1
BRF:0
BRH:0
end_of_record
TN:
SF:components\Logo.tsx
FN:3,Logo
FNF:1
FNH:1
FNDA:7,Logo
DA:1,2
DA:3,7
LF:2
LH:2
BRF:0
BRH:0
end_of_record
TN:
SF:components\icons\ClearIcon.tsx
FNF:0
FNH:0
DA:14,2
LF:1
LH:1
BRF:0
BRH:0
end_of_record
TN:
SF:components\icons\LeftArrowIcon.tsx
FNF:0
FNH:0
DA:14,10
LF:1
LH:1
BRF:0
BRH:0
end_of_record
TN:
SF:components\icons\SearchIcon.tsx
FNF:0
FNH:0
DA:19,8
LF:1
LH:1
BRF:0
BRH:0
end_of_record
TN:
SF:pages\index.tsx
FN:18,(anonymous_7)
FN:22,(anonymous_8)
FN:23,(anonymous_9)
FN:30,(anonymous_10)
FN:33,(anonymous_11)
FN:40,(anonymous_12)
FN:55,(anonymous_13)
FN:62,(anonymous_14)
FN:66,(anonymous_15)
FN:70,(anonymous_16)
FN:71,(anonymous_17)
FN:79,(anonymous_18)
FN:84,(anonymous_19)
FN:135,(anonymous_20)
FNF:14
FNH:9
FNDA:3,(anonymous_7)
FNDA:3,(anonymous_8)
FNDA:3,(anonymous_9)
FNDA:3,(anonymous_10)
FNDA:3,(anonymous_11)
FNDA:0,(anonymous_12)
FNDA:3,(anonymous_13)
FNDA:3,(anonymous_14)
FNDA:3,(anonymous_15)
FNDA:0,(anonymous_16)
FNDA:0,(anonymous_17)
FNDA:0,(anonymous_18)
FNDA:0,(anonymous_19)
FNDA:2,(anonymous_20)
DA:2,1
DA:3,1
DA:4,1
DA:5,1
DA:6,1
DA:7,1
DA:8,1
DA:9,1
DA:10,1
DA:11,1
DA:14,1
DA:15,1
DA:16,1
DA:18,1
DA:19,3
DA:20,3
DA:21,3
DA:22,3
DA:23,3
DA:24,3
DA:25,3
DA:26,3
DA:27,3
DA:28,3
DA:30,3
DA:31,3
DA:33,3
DA:34,3
DA:37,3
DA:40,3
DA:41,0
DA:42,0
DA:53,3
DA:55,3
DA:56,3
DA:57,3
DA:58,3
DA:62,3
DA:63,3
DA:66,3
DA:67,3
DA:68,3
DA:69,0
DA:71,0
DA:76,0
DA:77,0
DA:78,0
DA:79,0
DA:80,0
DA:84,3
DA:85,0
DA:133,3
DA:135,2
DA:138,2
DA:139,2
LF:55
LH:45
BRDA:31,0,0,0
BRDA:31,0,1,3
BRDA:56,1,0,3
BRDA:68,2,0,3
BRDA:71,3,0,0
BRDA:71,3,1,0
BRDA:77,4,0,0
BRDA:85,5,0,0
BRDA:85,5,1,0
BRDA:103,6,0,3
BRDA:105,7,0,3
BRDA:105,7,1,3
BRDA:120,8,0,3
BRDA:140,9,0,1
BRDA:140,9,1,1
BRF:15
BRH:9
end_of_record
TN:
SF:pages\[gameId]\index.tsx
FN:8,(anonymous_2)
FN:10,(anonymous_3)
FN:11,(anonymous_4)
FNF:3
FNH:3
FNDA:5,(anonymous_2)
FNDA:1,(anonymous_3)
FNDA:5,(anonymous_4)
DA:2,1
DA:3,1
DA:4,1
DA:5,1
DA:6,1
DA:8,1
DA:9,5
DA:10,5
DA:11,5
DA:137,5
LF:10
LH:10
BRDA:45,0,0,5
BRDA:45,0,1,1
BRF:2
BRH:2
end_of_record
TN:
SF:pages\api\lib\repositories\games.repository.mock.ts
FN:11,(anonymous_2)
FN:21,(anonymous_3)
FNF:2
FNH:2
FNDA:1,(anonymous_2)
FNDA:2,(anonymous_3)
DA:4,1
DA:7,7
DA:8,1
DA:9,1
DA:12,1
DA:22,2
LF:6
LH:6
BRF:0
BRH:0
end_of_record
TN:
SF:pages\api\lib\utils\misc.ts
FN:1,isOnlySpaces
FN:5,(anonymous_5)
FN:19,(anonymous_6)
FN:22,(anonymous_7)
FNF:4
FNH:4
FNDA:9,isOnlySpaces
FNDA:18,(anonymous_5)
FNDA:15,(anonymous_6)
FNDA:15,(anonymous_7)
DA:1,9
DA:2,9
DA:5,18
DA:6,18
DA:7,18
DA:8,18
DA:9,11
DA:10,11
DA:12,11
DA:16,7
DA:19,15
DA:20,15
DA:21,15
DA:22,15
DA:23,15
DA:24,15
DA:26,15
LF:17
LH:17
BRDA:8,0,0,11
BRF:1
BRH:1
end_of_record
TN:
SF:redux\gameSlice.ts
FN:21,(anonymous_5)
FN:29,(anonymous_6)
FNF:2
FNH:2
FNDA:3,(anonymous_5)
FNDA:1,(anonymous_6)
DA:1,4
DA:5,4
DA:13,4
DA:22,3
DA:23,3
DA:24,3
DA:25,3
DA:26,3
DA:27,3
DA:30,1
DA:31,1
DA:32,1
DA:33,1
DA:34,1
DA:40,5
DA:43,4
DA:44,9
LF:17
LH:17
BRF:0
BRH:0
end_of_record
TN:
SF:redux\scrolledGamesSlice.ts
FN:12,(anonymous_4)
FNF:1
FNH:1
FNDA:3,(anonymous_4)
DA:1,3
DA:6,3
DA:8,3
DA:16,3
DA:17,3
DA:22,5
DA:24,3
DA:25,4
LF:8
LH:8
BRF:0
BRH:0
end_of_record
TN:
SF:redux\store.ts
FNF:0
FNH:0
DA:1,2
DA:2,2
DA:3,2
DA:4,2
DA:6,2
DA:20,13
LF:6
LH:6
BRF:0
BRH:0
end_of_record
