TN:
SF:components\Error.tsx
FN:1,Error
FNF:1
FNH:1
FNDA:4,Error
DA:1,4
LF:1
LH:1
BRF:0
BRH:0
end_of_record
TN:
SF:components\GameCard.tsx
FN:16,GameCard
FN:22,(anonymous_3)
FNF:2
FNH:2
FNDA:23,GameCard
FNDA:1,(anonymous_3)
DA:1,3
DA:3,3
DA:4,3
DA:5,3
DA:7,3
DA:8,3
DA:9,3
DA:16,23
DA:17,23
DA:18,23
DA:19,23
DA:20,23
DA:22,23
DA:24,1
DA:27,1
DA:32,1
DA:35,1
LF:17
LH:17
BRF:0
BRH:0
end_of_record
TN:
SF:components\GameList.tsx
FN:17,(anonymous_2)
FN:31,(anonymous_3)
FN:32,(anonymous_4)
FN:43,(anonymous_5)
FNF:4
FNH:4
FNDA:13,(anonymous_2)
FNDA:9,(anonymous_3)
FNDA:18,(anonymous_4)
FNDA:1,(anonymous_5)
DA:2,2
DA:3,2
DA:16,2
DA:32,9
DA:33,18
DA:43,1
DA:57,14
LF:7
LH:7
BRDA:44,0,0,13
BRDA:44,0,1,6
BRDA:46,1,0,1
BRDA:46,1,1,12
BRDA:48,2,0,5
BRDA:48,2,1,7
BRF:6
BRH:6
end_of_record
TN:
SF:components\HeadContent.tsx
FN:3,HeadContent
FNF:1
FNH:1
FNDA:9,HeadContent
DA:1,2
DA:3,10
LF:2
LH:2
BRF:0
BRH:0
end_of_record
TN:
SF:components\InputSearch.tsx
FN:14,(anonymous_5)
FN:25,(anonymous_6)
FN:31,(anonymous_7)
FN:41,(anonymous_8)
FN:46,(anonymous_9)
FN:54,(anonymous_10)
FNF:6
FNH:6
FNDA:11,(anonymous_5)
FNDA:2,(anonymous_6)
FNDA:1,(anonymous_7)
FNDA:4,(anonymous_8)
FNDA:1,(anonymous_9)
FNDA:1,(anonymous_10)
DA:1,2
DA:2,2
DA:3,2
DA:4,2
DA:13,2
DA:23,11
DA:25,11
DA:26,2
DA:27,2
DA:28,2
DA:31,11
DA:32,1
DA:33,1
DA:34,1
DA:35,1
DA:38,1
DA:41,11
DA:42,4
DA:43,4
DA:46,11
DA:47,1
DA:48,1
DA:54,1
DA:93,12
LF:24
LH:24
BRDA:43,0,0,1
BRDA:75,1,0,11
BRF:2
BRH:2
end_of_record
TN:
SF:components\Loader.tsx
FN:1,Loader
FNF:1
FNH:1
FNDA:4,Loader
DA:1,4
LF:1
LH:1
BRF:0
BRH:0
end_of_record
TN:
SF:components\Logo.tsx
FN:3,Logo
FNF:1
FNH:1
FNDA:10,Logo
DA:1,2
DA:3,11
LF:2
LH:2
BRF:0
BRH:0
end_of_record
TN:
SF:components\icons\ClearIcon.tsx
FNF:0
FNH:0
DA:14,2
LF:1
LH:1
BRF:0
BRH:0
end_of_record
TN:
SF:components\icons\LeftArrowIcon.tsx
FNF:0
FNH:0
DA:14,10
LF:1
LH:1
BRF:0
BRH:0
end_of_record
TN:
SF:components\icons\SearchIcon.tsx
FNF:0
FNH:0
DA:19,11
LF:1
LH:1
BRF:0
BRH:0
end_of_record
TN:
SF:pages\index.tsx
FN:22,(anonymous_7)
FN:26,(anonymous_8)
FN:27,(anonymous_9)
FN:33,(anonymous_10)
FN:36,(anonymous_11)
FN:43,(anonymous_12)
FN:58,(anonymous_13)
FN:65,(anonymous_14)
FN:69,(anonymous_15)
FN:73,(anonymous_16)
FN:74,(anonymous_17)
FN:82,(anonymous_18)
FN:87,(anonymous_19)
FN:138,(anonymous_20)
FNF:14
FNH:9
FNDA:7,(anonymous_7)
FNDA:8,(anonymous_8)
FNDA:8,(anonymous_9)
FNDA:7,(anonymous_10)
FNDA:5,(anonymous_11)
FNDA:0,(anonymous_12)
FNDA:4,(anonymous_13)
FNDA:5,(anonymous_14)
FNDA:5,(anonymous_15)
FNDA:0,(anonymous_16)
FNDA:0,(anonymous_17)
FNDA:0,(anonymous_18)
FNDA:0,(anonymous_19)
FNDA:2,(anonymous_20)
DA:2,1
DA:3,1
DA:4,1
DA:5,1
DA:6,1
DA:7,1
DA:8,1
DA:9,1
DA:10,1
DA:11,1
DA:14,1
DA:15,1
DA:16,1
DA:22,1
DA:23,7
DA:24,7
DA:25,7
DA:26,8
DA:27,8
DA:28,7
DA:29,7
DA:30,7
DA:31,7
DA:33,7
DA:34,7
DA:36,7
DA:37,5
DA:40,5
DA:43,7
DA:44,0
DA:45,0
DA:56,7
DA:58,7
DA:59,4
DA:60,4
DA:61,4
DA:65,7
DA:66,5
DA:69,7
DA:70,5
DA:71,5
DA:72,0
DA:74,0
DA:79,0
DA:80,0
DA:81,0
DA:82,0
DA:83,0
DA:87,7
DA:88,0
DA:136,4
DA:138,2
DA:141,2
DA:142,2
LF:54
LH:44
BRDA:22,0,0,0
BRDA:34,1,0,4
BRDA:34,1,1,3
BRDA:59,2,0,4
BRDA:71,3,0,5
BRDA:74,4,0,0
BRDA:74,4,1,0
BRDA:80,5,0,0
BRDA:88,6,0,0
BRDA:88,6,1,0
BRDA:106,7,0,7
BRDA:108,8,0,7
BRDA:108,8,1,4
BRDA:123,9,0,7
BRDA:143,10,0,1
BRDA:143,10,1,1
BRF:16
BRH:10
end_of_record
TN:
SF:pages\[gameId]\index.tsx
FN:8,(anonymous_2)
FN:10,(anonymous_3)
FN:11,(anonymous_4)
FNF:3
FNH:3
FNDA:5,(anonymous_2)
FNDA:1,(anonymous_3)
FNDA:5,(anonymous_4)
DA:2,1
DA:3,1
DA:4,1
DA:5,1
DA:6,1
DA:8,1
DA:9,5
DA:10,5
DA:11,5
DA:137,5
LF:10
LH:10
BRDA:45,0,0,5
BRDA:45,0,1,1
BRF:2
BRH:2
end_of_record
TN:
SF:pages\api\lib\repositories\games.repository.mock.ts
FN:11,(anonymous_2)
FN:21,(anonymous_3)
FNF:2
FNH:2
FNDA:1,(anonymous_2)
FNDA:6,(anonymous_3)
DA:4,2
DA:7,8
DA:8,2
DA:9,2
DA:12,1
DA:22,6
LF:6
LH:6
BRF:0
BRH:0
end_of_record
TN:
SF:pages\api\lib\utils\misc.ts
FN:1,isOnlySpaces
FN:5,(anonymous_5)
FN:19,(anonymous_6)
FN:22,(anonymous_7)
FNF:4
FNH:4
FNDA:9,isOnlySpaces
FNDA:26,(anonymous_5)
FNDA:23,(anonymous_6)
FNDA:31,(anonymous_7)
DA:1,9
DA:2,9
DA:5,26
DA:6,26
DA:7,26
DA:8,26
DA:9,19
DA:10,19
DA:12,19
DA:16,7
DA:19,23
DA:20,23
DA:21,23
DA:22,23
DA:23,31
DA:24,31
DA:26,23
LF:17
LH:17
BRDA:8,0,0,19
BRF:1
BRH:1
end_of_record
TN:
SF:redux\gameSlice.ts
FN:21,(anonymous_5)
FN:29,(anonymous_6)
FNF:2
FNH:2
FNDA:3,(anonymous_5)
FNDA:1,(anonymous_6)
DA:1,4
DA:5,4
DA:13,4
DA:22,3
DA:23,3
DA:24,3
DA:25,3
DA:26,3
DA:27,3
DA:30,1
DA:31,1
DA:32,1
DA:33,1
DA:34,1
DA:40,5
DA:43,4
DA:44,9
LF:17
LH:17
BRF:0
BRH:0
end_of_record
TN:
SF:redux\scrolledGamesSlice.ts
FN:12,(anonymous_4)
FNF:1
FNH:1
FNDA:5,(anonymous_4)
DA:1,3
DA:6,3
DA:8,3
DA:16,5
DA:17,5
DA:22,7
DA:24,3
DA:25,4
LF:8
LH:8
BRF:0
BRH:0
end_of_record
TN:
SF:redux\store.ts
FNF:0
FNH:0
DA:1,2
DA:2,2
DA:3,2
DA:4,2
DA:6,2
DA:20,25
LF:6
LH:6
BRF:0
BRH:0
end_of_record
